11:37:52 **** Incremental Build of configuration Debug for project MC1_HMI_ECU ****
make all 
Building file: ../MC1_application.c
Invoking: AVR Compiler
avr-gcc -Wall -g2 -gstabs -O0 -fpack-struct -fshort-enums -ffunction-sections -fdata-sections -std=gnu99 -funsigned-char -funsigned-bitfields -mmcu=atmega32 -DF_CPU=8000000UL -MMD -MP -MF"MC1_application.d" -MT"MC1_application.o" -c -o "MC1_application.o" "../MC1_application.c"
In file included from ../MC1_application.c:14:
c:/winavr-20100110/lib/gcc/../../avr/include/util/delay.h:90:3: warning: #warning "Compiler optimizations disabled; functions from <util/delay.h> won't work as designed"
Finished building: ../MC1_application.c
 
Building file: ../gpio.c
Invoking: AVR Compiler
avr-gcc -Wall -g2 -gstabs -O0 -fpack-struct -fshort-enums -ffunction-sections -fdata-sections -std=gnu99 -funsigned-char -funsigned-bitfields -mmcu=atmega32 -DF_CPU=8000000UL -MMD -MP -MF"gpio.d" -MT"gpio.o" -c -o "gpio.o" "../gpio.c"
Finished building: ../gpio.c
 
Building file: ../kepad.c
Invoking: AVR Compiler
avr-gcc -Wall -g2 -gstabs -O0 -fpack-struct -fshort-enums -ffunction-sections -fdata-sections -std=gnu99 -funsigned-char -funsigned-bitfields -mmcu=atmega32 -DF_CPU=8000000UL -MMD -MP -MF"kepad.d" -MT"kepad.o" -c -o "kepad.o" "../kepad.c"
In file included from ../kepad.c:9:
c:/winavr-20100110/lib/gcc/../../avr/include/util/delay.h:90:3: warning: #warning "Compiler optimizations disabled; functions from <util/delay.h> won't work as designed"
Finished building: ../kepad.c
 
Building file: ../lcd.c
Invoking: AVR Compiler
avr-gcc -Wall -g2 -gstabs -O0 -fpack-struct -fshort-enums -ffunction-sections -fdata-sections -std=gnu99 -funsigned-char -funsigned-bitfields -mmcu=atmega32 -DF_CPU=8000000UL -MMD -MP -MF"lcd.d" -MT"lcd.o" -c -o "lcd.o" "../lcd.c"
In file included from ../lcd.c:8:
c:/winavr-20100110/lib/gcc/../../avr/include/util/delay.h:90:3: warning: #warning "Compiler optimizations disabled; functions from <util/delay.h> won't work as designed"
../lcd.c: In function 'LCD_intgerToString':
../lcd.c:204: warning: implicit declaration of function 'itoa'
Finished building: ../lcd.c
 
Building file: ../timer1.c
Invoking: AVR Compiler
avr-gcc -Wall -g2 -gstabs -O0 -fpack-struct -fshort-enums -ffunction-sections -fdata-sections -std=gnu99 -funsigned-char -funsigned-bitfields -mmcu=atmega32 -DF_CPU=8000000UL -MMD -MP -MF"timer1.d" -MT"timer1.o" -c -o "timer1.o" "../timer1.c"
../timer1.c: In function 'Timer1_setCallBack':
../timer1.c:123: warning: function return types not compatible due to 'volatile'
Finished building: ../timer1.c
 
Building file: ../uart.c
Invoking: AVR Compiler
avr-gcc -Wall -g2 -gstabs -O0 -fpack-struct -fshort-enums -ffunction-sections -fdata-sections -std=gnu99 -funsigned-char -funsigned-bitfields -mmcu=atmega32 -DF_CPU=8000000UL -MMD -MP -MF"uart.d" -MT"uart.o" -c -o "uart.o" "../uart.c"
Finished building: ../uart.c
 
Building target: MC1_HMI_ECU.elf
Invoking: AVR C Linker
avr-gcc -Wl,-Map,MC1_HMI_ECU.map -mmcu=atmega32 -o "MC1_HMI_ECU.elf"  ./MC1_application.o ./gpio.o ./kepad.o ./lcd.o ./timer1.o ./uart.o   
Finished building target: MC1_HMI_ECU.elf
 
Invoking: AVR Create Extended Listing
avr-objdump -h -S MC1_HMI_ECU.elf  >"MC1_HMI_ECU.lss"
Finished building: MC1_HMI_ECU.lss
 
Invoking: Print Size
avr-size --format=avr --mcu=atmega32 MC1_HMI_ECU.elf
AVR Memory Usage
----------------
Device: atmega32

Program:   14530 bytes (44.3% Full)
(.text + .data + .bootloader)

Data:        252 bytes (12.3% Full)
(.data + .bss + .noinit)


Finished building: sizedummy
 

11:37:54 Build Finished. 0 errors, 5 warnings. (took 1s.437ms)

